# JRE version: Java(TM) SE Runtime Environment (8.0_45-b15) (build 1.8.0_45-b15)
# Java VM: Java HotSpot(TM) 64-Bit Server VM (25.45-b02 mixed mode windows-amd64 compressed oops)
Heap:
 PSYoungGen      total 200704K, used 93266K [0x00000000e0000000, 0x00000000f8900000, 0x0000000100000000)
  eden space 185856K, 50% used [0x00000000e0000000,0x00000000e5b148d0,0x00000000eb580000)
  from space 14848K, 0% used [0x00000000eb580000,0x00000000eb580000,0x00000000ec400000)
  to   space 15360K, 0% used [0x00000000f7a00000,0x00000000f7a00000,0x00000000f8900000)
 ParOldGen       total 75264K, used 30035K [0x00000000a0000000, 0x00000000a4980000, 0x00000000e0000000)
  object space 75264K, 39% used [0x00000000a0000000,0x00000000a1d54f68,0x00000000a4980000)
 Metaspace       used 23749K, capacity 23983K, committed 24320K, reserved 1071104K
  class space    used 2980K, capacity 3050K, committed 3072K, reserved 1048576K
GC Heap History (10 events):
Event: 5.471 GC heap before
{Heap before GC invocations=5 (full 1):
 PSYoungGen      total 53248K, used 53219K [0x00000000e0000000, 0x00000000e6800000, 0x0000000100000000)
  eden space 49152K, 100% used [0x00000000e0000000,0x00000000e3000000,0x00000000e3000000)
  from space 4096K, 99% used [0x00000000e3000000,0x00000000e33f8c18,0x00000000e3400000)
  to   space 4096K, 0% used [0x00000000e6400000,0x00000000e6400000,0x00000000e6800000)
 ParOldGen       total 65536K, used 7570K [0x00000000a0000000, 0x00000000a4000000, 0x00000000e0000000)
  object space 65536K, 11% used [0x00000000a0000000,0x00000000a0764a48,0x00000000a4000000)
 Metaspace       used 12520K, capacity 12756K, committed 12800K, reserved 1060864K
  class space    used 1489K, capacity 1536K, committed 1536K, reserved 1048576K
Event: 5.491 GC heap after
Heap after GC invocations=5 (full 1):
 PSYoungGen      total 102400K, used 4070K [0x00000000e0000000, 0x00000000e6800000, 0x0000000100000000)
  eden space 98304K, 0% used [0x00000000e0000000,0x00000000e0000000,0x00000000e6000000)
  from space 4096K, 99% used [0x00000000e6400000,0x00000000e67f9ab0,0x00000000e6800000)
  to   space 4096K, 0% used [0x00000000e6000000,0x00000000e6000000,0x00000000e6400000)
 ParOldGen       total 65536K, used 9889K [0x00000000a0000000, 0x00000000a4000000, 0x00000000e0000000)
  object space 65536K, 15% used [0x00000000a0000000,0x00000000a09a84b8,0x00000000a4000000)
 Metaspace       used 12520K, capacity 12756K, committed 12800K, reserved 1060864K
  class space    used 1489K, capacity 1536K, committed 1536K, reserved 1048576K
}
Event: 6.623 GC heap before
{Heap before GC invocations=6 (full 1):
 PSYoungGen      total 102400K, used 102374K [0x00000000e0000000, 0x00000000e6800000, 0x0000000100000000)
  eden space 98304K, 100% used [0x00000000e0000000,0x00000000e6000000,0x00000000e6000000)
  from space 4096K, 99% used [0x00000000e6400000,0x00000000e67f9ab0,0x00000000e6800000)
  to   space 4096K, 0% used [0x00000000e6000000,0x00000000e6000000,0x00000000e6400000)
 ParOldGen       total 65536K, used 9889K [0x00000000a0000000, 0x00000000a4000000, 0x00000000e0000000)
  object space 65536K, 15% used [0x00000000a0000000,0x00000000a09a84b8,0x00000000a4000000)
 Metaspace       used 14472K, capacity 14688K, committed 14848K, reserved 1062912K
  class space    used 1694K, capacity 1730K, committed 1792K, reserved 1048576K
Event: 6.674 GC heap after
Heap after GC invocations=6 (full 1):
 PSYoungGen      total 102400K, used 4082K [0x00000000e0000000, 0x00000000ec800000, 0x0000000100000000)
  eden space 98304K, 0% used [0x00000000e0000000,0x00000000e0000000,0x00000000e6000000)
  from space 4096K, 99% used [0x00000000e6000000,0x00000000e63fcb38,0x00000000e6400000)
  to   space 4096K, 0% used [0x00000000ec400000,0x00000000ec400000,0x00000000ec800000)
 ParOldGen       total 65536K, used 22664K [0x00000000a0000000, 0x00000000a4000000, 0x00000000e0000000)
  object space 65536K, 34% used [0x00000000a0000000,0x00000000a16222e8,0x00000000a4000000)
 Metaspace       used 14472K, capacity 14688K, committed 14848K, reserved 1062912K
  class space    used 1694K, capacity 1730K, committed 1792K, reserved 1048576K
}
Event: 8.223 GC heap before
{Heap before GC invocations=7 (full 1):
 PSYoungGen      total 102400K, used 102386K [0x00000000e0000000, 0x00000000ec800000, 0x0000000100000000)
  eden space 98304K, 100% used [0x00000000e0000000,0x00000000e6000000,0x00000000e6000000)
  from space 4096K, 99% used [0x00000000e6000000,0x00000000e63fcb38,0x00000000e6400000)
  to   space 4096K, 0% used [0x00000000ec400000,0x00000000ec400000,0x00000000ec800000)
 ParOldGen       total 65536K, used 22664K [0x00000000a0000000, 0x00000000a4000000, 0x00000000e0000000)
  object space 65536K, 34% used [0x00000000a0000000,0x00000000a16222e8,0x00000000a4000000)
 Metaspace       used 17607K, capacity 17824K, committed 18176K, reserved 1064960K
  class space    used 2190K, capacity 2242K, committed 2304K, reserved 1048576K
Event: 8.286 GC heap after
Heap after GC invocations=7 (full 1):
 PSYoungGen      total 189952K, used 4089K [0x00000000e0000000, 0x00000000edd00000, 0x0000000100000000)
  eden space 185856K, 0% used [0x00000000e0000000,0x00000000e0000000,0x00000000eb580000)
  from space 4096K, 99% used [0x00000000ec400000,0x00000000ec7fe698,0x00000000ec800000)
  to   space 14848K, 0% used [0x00000000eb580000,0x00000000eb580000,0x00000000ec400000)
 ParOldGen       total 65536K, used 26839K [0x00000000a0000000, 0x00000000a4000000, 0x00000000e0000000)
  object space 65536K, 40% used [0x00000000a0000000,0x00000000a1a35c10,0x00000000a4000000)
 Metaspace       used 17607K, capacity 17824K, committed 18176K, reserved 1064960K
  class space    used 2190K, capacity 2242K, committed 2304K, reserved 1048576K
}
Event: 9.468 GC heap before
{Heap before GC invocations=8 (full 1):
 PSYoungGen      total 189952K, used 122141K [0x00000000e0000000, 0x00000000edd00000, 0x0000000100000000)
  eden space 185856K, 63% used [0x00000000e0000000,0x00000000e7348eb8,0x00000000eb580000)
  from space 4096K, 99% used [0x00000000ec400000,0x00000000ec7fe698,0x00000000ec800000)
  to   space 14848K, 0% used [0x00000000eb580000,0x00000000eb580000,0x00000000ec400000)
 ParOldGen       total 65536K, used 26839K [0x00000000a0000000, 0x00000000a4000000, 0x00000000e0000000)
  object space 65536K, 40% used [0x00000000a0000000,0x00000000a1a35c10,0x00000000a4000000)
 Metaspace       used 20841K, capacity 21044K, committed 21248K, reserved 1067008K
  class space    used 2699K, capacity 2762K, committed 2816K, reserved 1048576K
Event: 9.511 GC heap after
Heap after GC invocations=8 (full 1):
 PSYoungGen      total 200704K, used 10636K [0x00000000e0000000, 0x00000000f8900000, 0x0000000100000000)
  eden space 185856K, 0% used [0x00000000e0000000,0x00000000e0000000,0x00000000eb580000)
  from space 14848K, 71% used [0x00000000eb580000,0x00000000ebfe31b8,0x00000000ec400000)
  to   space 15360K, 0% used [0x00000000f7a00000,0x00000000f7a00000,0x00000000f8900000)
 ParOldGen       total 65536K, used 26839K [0x00000000a0000000, 0x00000000a4000000, 0x00000000e0000000)
  object space 65536K, 40% used [0x00000000a0000000,0x00000000a1a35c10,0x00000000a4000000)
 Metaspace       used 20841K, capacity 21044K, committed 21248K, reserved 1067008K
  class space    used 2699K, capacity 2762K, committed 2816K, reserved 1048576K
}
Event: 9.511 GC heap before
{Heap before GC invocations=9 (full 2):
 PSYoungGen      total 200704K, used 10636K [0x00000000e0000000, 0x00000000f8900000, 0x0000000100000000)
  eden space 185856K, 0% used [0x00000000e0000000,0x00000000e0000000,0x00000000eb580000)
  from space 14848K, 71% used [0x00000000eb580000,0x00000000ebfe31b8,0x00000000ec400000)
  to   space 15360K, 0% used [0x00000000f7a00000,0x00000000f7a00000,0x00000000f8900000)
 ParOldGen       total 65536K, used 26839K [0x00000000a0000000, 0x00000000a4000000, 0x00000000e0000000)
  object space 65536K, 40% used [0x00000000a0000000,0x00000000a1a35c10,0x00000000a4000000)
 Metaspace       used 20841K, capacity 21044K, committed 21248K, reserved 1067008K
  class space    used 2699K, capacity 2762K, committed 2816K, reserved 1048576K
Event: 9.726 GC heap after
Heap after GC invocations=9 (full 2):
 PSYoungGen      total 200704K, used 0K [0x00000000e0000000, 0x00000000f8900000, 0x0000000100000000)
  eden space 185856K, 0% used [0x00000000e0000000,0x00000000e0000000,0x00000000eb580000)
  from space 14848K, 0% used [0x00000000eb580000,0x00000000eb580000,0x00000000ec400000)
  to   space 15360K, 0% used [0x00000000f7a00000,0x00000000f7a00000,0x00000000f8900000)
 ParOldGen       total 75264K, used 30035K [0x00000000a0000000, 0x00000000a4980000, 0x00000000e0000000)
  object space 75264K, 39% used [0x00000000a0000000,0x00000000a1d54f68,0x00000000a4980000)
 Metaspace       used 20841K, capacity 21044K, committed 21248K, reserved 1067008K
  class space    used 2699K, capacity 2762K, committed 2816K, reserved 1048576K
}

