# JRE version: Java(TM) SE Runtime Environment (8.0_45-b15) (build 1.8.0_45-b15)
# Java VM: Java HotSpot(TM) 64-Bit Server VM (25.45-b02 mixed mode windows-amd64 compressed oops)
Heap:
 PSYoungGen      total 427520K, used 219725K [0x00000000e0000000, 0x00000000fc900000, 0x0000000100000000)
  eden space 393216K, 55% used [0x00000000e0000000,0x00000000ed693530,0x00000000f8000000)
  from space 34304K, 0% used [0x00000000fa380000,0x00000000fa380000,0x00000000fc500000)
  to   space 36352K, 0% used [0x00000000f8000000,0x00000000f8000000,0x00000000fa380000)
 ParOldGen       total 154624K, used 77677K [0x00000000a0000000, 0x00000000a9700000, 0x00000000e0000000)
  object space 154624K, 50% used [0x00000000a0000000,0x00000000a4bdb4f8,0x00000000a9700000)
 Metaspace       used 37225K, capacity 37617K, committed 37888K, reserved 1083392K
  class space    used 4468K, capacity 4587K, committed 4608K, reserved 1048576K
GC Heap History (10 events):
Event: 39.653 GC heap before
{Heap before GC invocations=18 (full 4):
 PSYoungGen      total 426496K, used 14319K [0x00000000e0000000, 0x00000000fc300000, 0x0000000100000000)
  eden space 395264K, 0% used [0x00000000e0000000,0x00000000e0000000,0x00000000f8200000)
  from space 31232K, 45% used [0x00000000fa480000,0x00000000fb27bf68,0x00000000fc300000)
  to   space 33280K, 0% used [0x00000000f8200000,0x00000000f8200000,0x00000000fa280000)
 ParOldGen       total 154624K, used 89551K [0x00000000a0000000, 0x00000000a9700000, 0x00000000e0000000)
  object space 154624K, 57% used [0x00000000a0000000,0x00000000a5773d18,0x00000000a9700000)
 Metaspace       used 29764K, capacity 30093K, committed 30464K, reserved 1075200K
  class space    used 3679K, capacity 3761K, committed 3840K, reserved 1048576K
Event: 39.866 GC heap after
Heap after GC invocations=18 (full 4):
 PSYoungGen      total 426496K, used 0K [0x00000000e0000000, 0x00000000fc300000, 0x0000000100000000)
  eden space 395264K, 0% used [0x00000000e0000000,0x00000000e0000000,0x00000000f8200000)
  from space 31232K, 0% used [0x00000000fa480000,0x00000000fa480000,0x00000000fc300000)
  to   space 33280K, 0% used [0x00000000f8200000,0x00000000f8200000,0x00000000fa280000)
 ParOldGen       total 154624K, used 55063K [0x00000000a0000000, 0x00000000a9700000, 0x00000000e0000000)
  object space 154624K, 35% used [0x00000000a0000000,0x00000000a35c5d00,0x00000000a9700000)
 Metaspace       used 29764K, capacity 30093K, committed 30464K, reserved 1075200K
  class space    used 3679K, capacity 3761K, committed 3840K, reserved 1048576K
}
Event: 39.866 GC heap before
{Heap before GC invocations=19 (full 4):
 PSYoungGen      total 426496K, used 0K [0x00000000e0000000, 0x00000000fc300000, 0x0000000100000000)
  eden space 395264K, 0% used [0x00000000e0000000,0x00000000e0000000,0x00000000f8200000)
  from space 31232K, 0% used [0x00000000fa480000,0x00000000fa480000,0x00000000fc300000)
  to   space 33280K, 0% used [0x00000000f8200000,0x00000000f8200000,0x00000000fa280000)
 ParOldGen       total 154624K, used 55063K [0x00000000a0000000, 0x00000000a9700000, 0x00000000e0000000)
  object space 154624K, 35% used [0x00000000a0000000,0x00000000a35c5d00,0x00000000a9700000)
 Metaspace       used 29764K, capacity 30093K, committed 30464K, reserved 1075200K
  class space    used 3679K, capacity 3761K, committed 3840K, reserved 1048576K
Event: 39.868 GC heap after
Heap after GC invocations=19 (full 4):
 PSYoungGen      total 428544K, used 0K [0x00000000e0000000, 0x00000000fc500000, 0x0000000100000000)
  eden space 395264K, 0% used [0x00000000e0000000,0x00000000e0000000,0x00000000f8200000)
  from space 33280K, 0% used [0x00000000f8200000,0x00000000f8200000,0x00000000fa280000)
  to   space 34304K, 0% used [0x00000000fa380000,0x00000000fa380000,0x00000000fc500000)
 ParOldGen       total 154624K, used 55063K [0x00000000a0000000, 0x00000000a9700000, 0x00000000e0000000)
  object space 154624K, 35% used [0x00000000a0000000,0x00000000a35c5d00,0x00000000a9700000)
 Metaspace       used 29764K, capacity 30093K, committed 30464K, reserved 1075200K
  class space    used 3679K, capacity 3761K, committed 3840K, reserved 1048576K
}
Event: 39.868 GC heap before
{Heap before GC invocations=20 (full 5):
 PSYoungGen      total 428544K, used 0K [0x00000000e0000000, 0x00000000fc500000, 0x0000000100000000)
  eden space 395264K, 0% used [0x00000000e0000000,0x00000000e0000000,0x00000000f8200000)
  from space 33280K, 0% used [0x00000000f8200000,0x00000000f8200000,0x00000000fa280000)
  to   space 34304K, 0% used [0x00000000fa380000,0x00000000fa380000,0x00000000fc500000)
 ParOldGen       total 154624K, used 55063K [0x00000000a0000000, 0x00000000a9700000, 0x00000000e0000000)
  object space 154624K, 35% used [0x00000000a0000000,0x00000000a35c5d00,0x00000000a9700000)
 Metaspace       used 29764K, capacity 30093K, committed 30464K, reserved 1075200K
  class space    used 3679K, capacity 3761K, committed 3840K, reserved 1048576K
Event: 39.957 GC heap after
Heap after GC invocations=20 (full 5):
 PSYoungGen      total 428544K, used 0K [0x00000000e0000000, 0x00000000fc500000, 0x0000000100000000)
  eden space 395264K, 0% used [0x00000000e0000000,0x00000000e0000000,0x00000000f8200000)
  from space 33280K, 0% used [0x00000000f8200000,0x00000000f8200000,0x00000000fa280000)
  to   space 34304K, 0% used [0x00000000fa380000,0x00000000fa380000,0x00000000fc500000)
 ParOldGen       total 154624K, used 55063K [0x00000000a0000000, 0x00000000a9700000, 0x00000000e0000000)
  object space 154624K, 35% used [0x00000000a0000000,0x00000000a35c5d00,0x00000000a9700000)
 Metaspace       used 29764K, capacity 30093K, committed 30464K, reserved 1075200K
  class space    used 3679K, capacity 3761K, committed 3840K, reserved 1048576K
}
Event: 44.702 GC heap before
{Heap before GC invocations=21 (full 5):
 PSYoungGen      total 428544K, used 313706K [0x00000000e0000000, 0x00000000fc500000, 0x0000000100000000)
  eden space 395264K, 79% used [0x00000000e0000000,0x00000000f325a958,0x00000000f8200000)
  from space 33280K, 0% used [0x00000000f8200000,0x00000000f8200000,0x00000000fa280000)
  to   space 34304K, 0% used [0x00000000fa380000,0x00000000fa380000,0x00000000fc500000)
 ParOldGen       total 154624K, used 55063K [0x00000000a0000000, 0x00000000a9700000, 0x00000000e0000000)
  object space 154624K, 35% used [0x00000000a0000000,0x00000000a35c5d00,0x00000000a9700000)
 Metaspace       used 34901K, capacity 35267K, committed 35584K, reserved 1081344K
  class space    used 4241K, capacity 4320K, committed 4352K, reserved 1048576K
Event: 44.763 GC heap after
Heap after GC invocations=21 (full 5):
 PSYoungGen      total 427520K, used 25749K [0x00000000e0000000, 0x00000000fc900000, 0x0000000100000000)
  eden space 393216K, 0% used [0x00000000e0000000,0x00000000e0000000,0x00000000f8000000)
  from space 34304K, 75% used [0x00000000fa380000,0x00000000fbca5778,0x00000000fc500000)
  to   space 36352K, 0% used [0x00000000f8000000,0x00000000f8000000,0x00000000fa380000)
 ParOldGen       total 154624K, used 55071K [0x00000000a0000000, 0x00000000a9700000, 0x00000000e0000000)
  object space 154624K, 35% used [0x00000000a0000000,0x00000000a35c7d00,0x00000000a9700000)
 Metaspace       used 34901K, capacity 35267K, committed 35584K, reserved 1081344K
  class space    used 4241K, capacity 4320K, committed 4352K, reserved 1048576K
}
Event: 44.763 GC heap before
{Heap before GC invocations=22 (full 6):
 PSYoungGen      total 427520K, used 25749K [0x00000000e0000000, 0x00000000fc900000, 0x0000000100000000)
  eden space 393216K, 0% used [0x00000000e0000000,0x00000000e0000000,0x00000000f8000000)
  from space 34304K, 75% used [0x00000000fa380000,0x00000000fbca5778,0x00000000fc500000)
  to   space 36352K, 0% used [0x00000000f8000000,0x00000000f8000000,0x00000000fa380000)
 ParOldGen       total 154624K, used 55071K [0x00000000a0000000, 0x00000000a9700000, 0x00000000e0000000)
  object space 154624K, 35% used [0x00000000a0000000,0x00000000a35c7d00,0x00000000a9700000)
 Metaspace       used 34901K, capacity 35267K, committed 35584K, reserved 1081344K
  class space    used 4241K, capacity 4320K, committed 4352K, reserved 1048576K
Event: 45.049 GC heap after
Heap after GC invocations=22 (full 6):
 PSYoungGen      total 427520K, used 0K [0x00000000e0000000, 0x00000000fc900000, 0x0000000100000000)
  eden space 393216K, 0% used [0x00000000e0000000,0x00000000e0000000,0x00000000f8000000)
  from space 34304K, 0% used [0x00000000fa380000,0x00000000fa380000,0x00000000fc500000)
  to   space 36352K, 0% used [0x00000000f8000000,0x00000000f8000000,0x00000000fa380000)
 ParOldGen       total 154624K, used 77677K [0x00000000a0000000, 0x00000000a9700000, 0x00000000e0000000)
  object space 154624K, 50% used [0x00000000a0000000,0x00000000a4bdb4f8,0x00000000a9700000)
 Metaspace       used 34901K, capacity 35267K, committed 35584K, reserved 1081344K
  class space    used 4241K, capacity 4320K, committed 4352K, reserved 1048576K
}

