# JRE version: Java(TM) SE Runtime Environment (8.0_45-b15) (build 1.8.0_45-b15)
# Java VM: Java HotSpot(TM) 64-Bit Server VM (25.45-b02 mixed mode windows-amd64 compressed oops)
Heap:
 PSYoungGen      total 457216K, used 56847K [0x00000000e0000000, 0x00000000fe000000, 0x0000000100000000)
  eden space 422912K, 13% used [0x00000000e0000000,0x00000000e3783f98,0x00000000f9d00000)
  from space 34304K, 0% used [0x00000000f9d00000,0x00000000f9d00000,0x00000000fbe80000)
  to   space 34304K, 0% used [0x00000000fbe80000,0x00000000fbe80000,0x00000000fe000000)
 ParOldGen       total 152064K, used 56877K [0x00000000a0000000, 0x00000000a9480000, 0x00000000e0000000)
  object space 152064K, 37% used [0x00000000a0000000,0x00000000a378b4a8,0x00000000a9480000)
 Metaspace       used 31056K, capacity 31279K, committed 31616K, reserved 1077248K
  class space    used 3870K, capacity 3922K, committed 3968K, reserved 1048576K
GC Heap History (10 events):
Event: 23.886 GC heap before
{Heap before GC invocations=16 (full 3):
 PSYoungGen      total 341504K, used 341475K [0x00000000e0000000, 0x00000000fcd00000, 0x0000000100000000)
  eden space 338944K, 100% used [0x00000000e0000000,0x00000000f4b00000,0x00000000f4b00000)
  from space 2560K, 98% used [0x00000000f6e00000,0x00000000f7078f88,0x00000000f7080000)
  to   space 35840K, 0% used [0x00000000f4b00000,0x00000000f4b00000,0x00000000f6e00000)
 ParOldGen       total 152064K, used 100380K [0x00000000a0000000, 0x00000000a9480000, 0x00000000e0000000)
  object space 152064K, 66% used [0x00000000a0000000,0x00000000a6207020,0x00000000a9480000)
 Metaspace       used 28980K, capacity 29261K, committed 29568K, reserved 1075200K
  class space    used 3616K, capacity 3697K, committed 3712K, reserved 1048576K
Event: 23.905 GC heap after
Heap after GC invocations=16 (full 3):
 PSYoungGen      total 374784K, used 6019K [0x00000000e0000000, 0x00000000fe200000, 0x0000000100000000)
  eden space 338944K, 0% used [0x00000000e0000000,0x00000000e0000000,0x00000000f4b00000)
  from space 35840K, 16% used [0x00000000f4b00000,0x00000000f50e0e88,0x00000000f6e00000)
  to   space 35328K, 0% used [0x00000000fbf80000,0x00000000fbf80000,0x00000000fe200000)
 ParOldGen       total 152064K, used 102379K [0x00000000a0000000, 0x00000000a9480000, 0x00000000e0000000)
  object space 152064K, 67% used [0x00000000a0000000,0x00000000a63fae30,0x00000000a9480000)
 Metaspace       used 28980K, capacity 29261K, committed 29568K, reserved 1075200K
  class space    used 3616K, capacity 3697K, committed 3712K, reserved 1048576K
}
Event: 33.587 GC heap before
{Heap before GC invocations=17 (full 3):
 PSYoungGen      total 374784K, used 208446K [0x00000000e0000000, 0x00000000fe200000, 0x0000000100000000)
  eden space 338944K, 59% used [0x00000000e0000000,0x00000000ec5ae988,0x00000000f4b00000)
  from space 35840K, 16% used [0x00000000f4b00000,0x00000000f50e0e88,0x00000000f6e00000)
  to   space 35328K, 0% used [0x00000000fbf80000,0x00000000fbf80000,0x00000000fe200000)
 ParOldGen       total 152064K, used 102379K [0x00000000a0000000, 0x00000000a9480000, 0x00000000e0000000)
  object space 152064K, 67% used [0x00000000a0000000,0x00000000a63fae30,0x00000000a9480000)
 Metaspace       used 29840K, capacity 30125K, committed 30464K, reserved 1075200K
  class space    used 3706K, capacity 3793K, committed 3840K, reserved 1048576K
Event: 33.604 GC heap after
Heap after GC invocations=17 (full 3):
 PSYoungGen      total 456192K, used 7354K [0x00000000e0000000, 0x00000000fe000000, 0x0000000100000000)
  eden space 422912K, 0% used [0x00000000e0000000,0x00000000e0000000,0x00000000f9d00000)
  from space 33280K, 22% used [0x00000000fbf80000,0x00000000fc6aeae8,0x00000000fe000000)
  to   space 34304K, 0% used [0x00000000f9d00000,0x00000000f9d00000,0x00000000fbe80000)
 ParOldGen       total 152064K, used 102387K [0x00000000a0000000, 0x00000000a9480000, 0x00000000e0000000)
  object space 152064K, 67% used [0x00000000a0000000,0x00000000a63fce30,0x00000000a9480000)
 Metaspace       used 29840K, capacity 30125K, committed 30464K, reserved 1075200K
  class space    used 3706K, capacity 3793K, committed 3840K, reserved 1048576K
}
Event: 33.604 GC heap before
{Heap before GC invocations=18 (full 4):
 PSYoungGen      total 456192K, used 7354K [0x00000000e0000000, 0x00000000fe000000, 0x0000000100000000)
  eden space 422912K, 0% used [0x00000000e0000000,0x00000000e0000000,0x00000000f9d00000)
  from space 33280K, 22% used [0x00000000fbf80000,0x00000000fc6aeae8,0x00000000fe000000)
  to   space 34304K, 0% used [0x00000000f9d00000,0x00000000f9d00000,0x00000000fbe80000)
 ParOldGen       total 152064K, used 102387K [0x00000000a0000000, 0x00000000a9480000, 0x00000000e0000000)
  object space 152064K, 67% used [0x00000000a0000000,0x00000000a63fce30,0x00000000a9480000)
 Metaspace       used 29840K, capacity 30125K, committed 30464K, reserved 1075200K
  class space    used 3706K, capacity 3793K, committed 3840K, reserved 1048576K
Event: 33.827 GC heap after
Heap after GC invocations=18 (full 4):
 PSYoungGen      total 456192K, used 0K [0x00000000e0000000, 0x00000000fe000000, 0x0000000100000000)
  eden space 422912K, 0% used [0x00000000e0000000,0x00000000e0000000,0x00000000f9d00000)
  from space 33280K, 0% used [0x00000000fbf80000,0x00000000fbf80000,0x00000000fe000000)
  to   space 34304K, 0% used [0x00000000f9d00000,0x00000000f9d00000,0x00000000fbe80000)
 ParOldGen       total 152064K, used 56877K [0x00000000a0000000, 0x00000000a9480000, 0x00000000e0000000)
  object space 152064K, 37% used [0x00000000a0000000,0x00000000a378b4a8,0x00000000a9480000)
 Metaspace       used 29840K, capacity 30125K, committed 30464K, reserved 1075200K
  class space    used 3706K, capacity 3793K, committed 3840K, reserved 1048576K
}
Event: 33.827 GC heap before
{Heap before GC invocations=19 (full 4):
 PSYoungGen      total 456192K, used 0K [0x00000000e0000000, 0x00000000fe000000, 0x0000000100000000)
  eden space 422912K, 0% used [0x00000000e0000000,0x00000000e0000000,0x00000000f9d00000)
  from space 33280K, 0% used [0x00000000fbf80000,0x00000000fbf80000,0x00000000fe000000)
  to   space 34304K, 0% used [0x00000000f9d00000,0x00000000f9d00000,0x00000000fbe80000)
 ParOldGen       total 152064K, used 56877K [0x00000000a0000000, 0x00000000a9480000, 0x00000000e0000000)
  object space 152064K, 37% used [0x00000000a0000000,0x00000000a378b4a8,0x00000000a9480000)
 Metaspace       used 29840K, capacity 30125K, committed 30464K, reserved 1075200K
  class space    used 3706K, capacity 3793K, committed 3840K, reserved 1048576K
Event: 33.830 GC heap after
Heap after GC invocations=19 (full 4):
 PSYoungGen      total 457216K, used 0K [0x00000000e0000000, 0x00000000fe000000, 0x0000000100000000)
  eden space 422912K, 0% used [0x00000000e0000000,0x00000000e0000000,0x00000000f9d00000)
  from space 34304K, 0% used [0x00000000f9d00000,0x00000000f9d00000,0x00000000fbe80000)
  to   space 34304K, 0% used [0x00000000fbe80000,0x00000000fbe80000,0x00000000fe000000)
 ParOldGen       total 152064K, used 56877K [0x00000000a0000000, 0x00000000a9480000, 0x00000000e0000000)
  object space 152064K, 37% used [0x00000000a0000000,0x00000000a378b4a8,0x00000000a9480000)
 Metaspace       used 29840K, capacity 30125K, committed 30464K, reserved 1075200K
  class space    used 3706K, capacity 3793K, committed 3840K, reserved 1048576K
}
Event: 33.830 GC heap before
{Heap before GC invocations=20 (full 5):
 PSYoungGen      total 457216K, used 0K [0x00000000e0000000, 0x00000000fe000000, 0x0000000100000000)
  eden space 422912K, 0% used [0x00000000e0000000,0x00000000e0000000,0x00000000f9d00000)
  from space 34304K, 0% used [0x00000000f9d00000,0x00000000f9d00000,0x00000000fbe80000)
  to   space 34304K, 0% used [0x00000000fbe80000,0x00000000fbe80000,0x00000000fe000000)
 ParOldGen       total 152064K, used 56877K [0x00000000a0000000, 0x00000000a9480000, 0x00000000e0000000)
  object space 152064K, 37% used [0x00000000a0000000,0x00000000a378b4a8,0x00000000a9480000)
 Metaspace       used 29840K, capacity 30125K, committed 30464K, reserved 1075200K
  class space    used 3706K, capacity 3793K, committed 3840K, reserved 1048576K
Event: 33.922 GC heap after
Heap after GC invocations=20 (full 5):
 PSYoungGen      total 457216K, used 0K [0x00000000e0000000, 0x00000000fe000000, 0x0000000100000000)
  eden space 422912K, 0% used [0x00000000e0000000,0x00000000e0000000,0x00000000f9d00000)
  from space 34304K, 0% used [0x00000000f9d00000,0x00000000f9d00000,0x00000000fbe80000)
  to   space 34304K, 0% used [0x00000000fbe80000,0x00000000fbe80000,0x00000000fe000000)
 ParOldGen       total 152064K, used 56877K [0x00000000a0000000, 0x00000000a9480000, 0x00000000e0000000)
  object space 152064K, 37% used [0x00000000a0000000,0x00000000a378b4a8,0x00000000a9480000)
 Metaspace       used 29840K, capacity 30125K, committed 30464K, reserved 1075200K
  class space    used 3706K, capacity 3793K, committed 3840K, reserved 1048576K
}

