# JRE version: Java(TM) SE Runtime Environment (8.0_45-b15) (build 1.8.0_45-b15)
# Java VM: Java HotSpot(TM) 64-Bit Server VM (25.45-b02 mixed mode windows-amd64 compressed oops)
Heap:
 PSYoungGen      total 372224K, used 276248K [0x00000000e0000000, 0x00000000f9c00000, 0x0000000100000000)
  eden space 359424K, 74% used [0x00000000e0000000,0x00000000f0601be0,0x00000000f5f00000)
  from space 12800K, 62% used [0x00000000f6200000,0x00000000f69c4790,0x00000000f6e80000)
  to   space 31232K, 0% used [0x00000000f7d80000,0x00000000f7d80000,0x00000000f9c00000)
 ParOldGen       total 146944K, used 75772K [0x00000000a0000000, 0x00000000a8f80000, 0x00000000e0000000)
  object space 146944K, 51% used [0x00000000a0000000,0x00000000a49ff3f8,0x00000000a8f80000)
 Metaspace       used 27347K, capacity 27597K, committed 27904K, reserved 1073152K
  class space    used 3414K, capacity 3505K, committed 3584K, reserved 1048576K
GC Heap History (10 events):
Event: 7.996 GC heap before
{Heap before GC invocations=10 (full 1):
 PSYoungGen      total 193024K, used 81089K [0x00000000e0000000, 0x00000000ec800000, 0x0000000100000000)
  eden space 182784K, 39% used [0x00000000e0000000,0x00000000e4735b28,0x00000000eb280000)
  from space 10240K, 79% used [0x00000000ebd00000,0x00000000ec4fa8e0,0x00000000ec700000)
  to   space 10752K, 0% used [0x00000000eb280000,0x00000000eb280000,0x00000000ebd00000)
 ParOldGen       total 65536K, used 30618K [0x00000000a0000000, 0x00000000a4000000, 0x00000000e0000000)
  object space 65536K, 46% used [0x00000000a0000000,0x00000000a1de69d8,0x00000000a4000000)
 Metaspace       used 20843K, capacity 21076K, committed 21248K, reserved 1067008K
  class space    used 2701K, capacity 2794K, committed 2816K, reserved 1048576K
Event: 8.018 GC heap after
Heap after GC invocations=10 (full 1):
 PSYoungGen      total 193536K, used 9601K [0x00000000e0000000, 0x00000000f7b00000, 0x0000000100000000)
  eden space 182784K, 0% used [0x00000000e0000000,0x00000000e0000000,0x00000000eb280000)
  from space 10752K, 89% used [0x00000000eb280000,0x00000000ebbe0510,0x00000000ebd00000)
  to   space 11264K, 0% used [0x00000000f7000000,0x00000000f7000000,0x00000000f7b00000)
 ParOldGen       total 65536K, used 32455K [0x00000000a0000000, 0x00000000a4000000, 0x00000000e0000000)
  object space 65536K, 49% used [0x00000000a0000000,0x00000000a1fb1eb0,0x00000000a4000000)
 Metaspace       used 20843K, capacity 21076K, committed 21248K, reserved 1067008K
  class space    used 2701K, capacity 2794K, committed 2816K, reserved 1048576K
}
Event: 8.018 GC heap before
{Heap before GC invocations=11 (full 2):
 PSYoungGen      total 193536K, used 9601K [0x00000000e0000000, 0x00000000f7b00000, 0x0000000100000000)
  eden space 182784K, 0% used [0x00000000e0000000,0x00000000e0000000,0x00000000eb280000)
  from space 10752K, 89% used [0x00000000eb280000,0x00000000ebbe0510,0x00000000ebd00000)
  to   space 11264K, 0% used [0x00000000f7000000,0x00000000f7000000,0x00000000f7b00000)
 ParOldGen       total 65536K, used 32455K [0x00000000a0000000, 0x00000000a4000000, 0x00000000e0000000)
  object space 65536K, 49% used [0x00000000a0000000,0x00000000a1fb1eb0,0x00000000a4000000)
 Metaspace       used 20843K, capacity 21076K, committed 21248K, reserved 1067008K
  class space    used 2701K, capacity 2794K, committed 2816K, reserved 1048576K
Event: 8.132 GC heap after
Heap after GC invocations=11 (full 2):
 PSYoungGen      total 193536K, used 0K [0x00000000e0000000, 0x00000000f7b00000, 0x0000000100000000)
  eden space 182784K, 0% used [0x00000000e0000000,0x00000000e0000000,0x00000000eb280000)
  from space 10752K, 0% used [0x00000000eb280000,0x00000000eb280000,0x00000000ebd00000)
  to   space 11264K, 0% used [0x00000000f7000000,0x00000000f7000000,0x00000000f7b00000)
 ParOldGen       total 68608K, used 27778K [0x00000000a0000000, 0x00000000a4300000, 0x00000000e0000000)
  object space 68608K, 40% used [0x00000000a0000000,0x00000000a1b209b8,0x00000000a4300000)
 Metaspace       used 20843K, capacity 21076K, committed 21248K, reserved 1067008K
  class space    used 2701K, capacity 2794K, committed 2816K, reserved 1048576K
}
Event: 11.803 GC heap before
{Heap before GC invocations=12 (full 2):
 PSYoungGen      total 193536K, used 182784K [0x00000000e0000000, 0x00000000f7b00000, 0x0000000100000000)
  eden space 182784K, 100% used [0x00000000e0000000,0x00000000eb280000,0x00000000eb280000)
  from space 10752K, 0% used [0x00000000eb280000,0x00000000eb280000,0x00000000ebd00000)
  to   space 11264K, 0% used [0x00000000f7000000,0x00000000f7000000,0x00000000f7b00000)
 ParOldGen       total 68608K, used 27778K [0x00000000a0000000, 0x00000000a4300000, 0x00000000e0000000)
  object space 68608K, 40% used [0x00000000a0000000,0x00000000a1b209b8,0x00000000a4300000)
 Metaspace       used 24345K, capacity 24623K, committed 24960K, reserved 1071104K
  class space    used 3043K, capacity 3114K, committed 3200K, reserved 1048576K
Event: 11.824 GC heap after
Heap after GC invocations=12 (full 2):
 PSYoungGen      total 268288K, used 11238K [0x00000000e0000000, 0x00000000f7b00000, 0x0000000100000000)
  eden space 257024K, 0% used [0x00000000e0000000,0x00000000e0000000,0x00000000efb00000)
  from space 11264K, 99% used [0x00000000f7000000,0x00000000f7af98c8,0x00000000f7b00000)
  to   space 12800K, 0% used [0x00000000f6200000,0x00000000f6200000,0x00000000f6e80000)
 ParOldGen       total 68608K, used 28649K [0x00000000a0000000, 0x00000000a4300000, 0x00000000e0000000)
  object space 68608K, 41% used [0x00000000a0000000,0x00000000a1bfa728,0x00000000a4300000)
 Metaspace       used 24345K, capacity 24623K, committed 24960K, reserved 1071104K
  class space    used 3043K, capacity 3114K, committed 3200K, reserved 1048576K
}
Event: 14.789 GC heap before
{Heap before GC invocations=13 (full 2):
 PSYoungGen      total 268288K, used 268262K [0x00000000e0000000, 0x00000000f7b00000, 0x0000000100000000)
  eden space 257024K, 100% used [0x00000000e0000000,0x00000000efb00000,0x00000000efb00000)
  from space 11264K, 99% used [0x00000000f7000000,0x00000000f7af98c8,0x00000000f7b00000)
  to   space 12800K, 0% used [0x00000000f6200000,0x00000000f6200000,0x00000000f6e80000)
 ParOldGen       total 68608K, used 28649K [0x00000000a0000000, 0x00000000a4300000, 0x00000000e0000000)
  object space 68608K, 41% used [0x00000000a0000000,0x00000000a1bfa728,0x00000000a4300000)
 Metaspace       used 24439K, capacity 24687K, committed 24960K, reserved 1071104K
  class space    used 3046K, capacity 3114K, committed 3200K, reserved 1048576K
Event: 14.873 GC heap after
Heap after GC invocations=13 (full 2):
 PSYoungGen      total 372224K, used 12771K [0x00000000e0000000, 0x00000000f9c00000, 0x0000000100000000)
  eden space 359424K, 0% used [0x00000000e0000000,0x00000000e0000000,0x00000000f5f00000)
  from space 12800K, 99% used [0x00000000f6200000,0x00000000f6e78da0,0x00000000f6e80000)
  to   space 31232K, 0% used [0x00000000f7d80000,0x00000000f7d80000,0x00000000f9c00000)
 ParOldGen       total 75776K, used 75667K [0x00000000a0000000, 0x00000000a4a00000, 0x00000000e0000000)
  object space 75776K, 99% used [0x00000000a0000000,0x00000000a49e4c80,0x00000000a4a00000)
 Metaspace       used 24439K, capacity 24687K, committed 24960K, reserved 1071104K
  class space    used 3046K, capacity 3114K, committed 3200K, reserved 1048576K
}
Event: 14.873 GC heap before
{Heap before GC invocations=14 (full 3):
 PSYoungGen      total 372224K, used 12771K [0x00000000e0000000, 0x00000000f9c00000, 0x0000000100000000)
  eden space 359424K, 0% used [0x00000000e0000000,0x00000000e0000000,0x00000000f5f00000)
  from space 12800K, 99% used [0x00000000f6200000,0x00000000f6e78da0,0x00000000f6e80000)
  to   space 31232K, 0% used [0x00000000f7d80000,0x00000000f7d80000,0x00000000f9c00000)
 ParOldGen       total 75776K, used 75667K [0x00000000a0000000, 0x00000000a4a00000, 0x00000000e0000000)
  object space 75776K, 99% used [0x00000000a0000000,0x00000000a49e4c80,0x00000000a4a00000)
 Metaspace       used 24439K, capacity 24687K, committed 24960K, reserved 1071104K
  class space    used 3046K, capacity 3114K, committed 3200K, reserved 1048576K
Event: 15.136 GC heap after
Heap after GC invocations=14 (full 3):
 PSYoungGen      total 372224K, used 7953K [0x00000000e0000000, 0x00000000f9c00000, 0x0000000100000000)
  eden space 359424K, 0% used [0x00000000e0000000,0x00000000e0000000,0x00000000f5f00000)
  from space 12800K, 62% used [0x00000000f6200000,0x00000000f69c4790,0x00000000f6e80000)
  to   space 31232K, 0% used [0x00000000f7d80000,0x00000000f7d80000,0x00000000f9c00000)
 ParOldGen       total 146944K, used 75772K [0x00000000a0000000, 0x00000000a8f80000, 0x00000000e0000000)
  object space 146944K, 51% used [0x00000000a0000000,0x00000000a49ff3f8,0x00000000a8f80000)
 Metaspace       used 24439K, capacity 24687K, committed 24960K, reserved 1071104K
  class space    used 3046K, capacity 3114K, committed 3200K, reserved 1048576K
}

