# JRE version: Java(TM) SE Runtime Environment (8.0_45-b15) (build 1.8.0_45-b15)
# Java VM: Java HotSpot(TM) 64-Bit Server VM (25.45-b02 mixed mode windows-amd64 compressed oops)
Heap:
 PSYoungGen      total 194048K, used 104232K [0x00000000e0000000, 0x00000000f7c00000, 0x0000000100000000)
  eden space 182272K, 57% used [0x00000000e0000000,0x00000000e65ca068,0x00000000eb200000)
  from space 11776K, 0% used [0x00000000eb200000,0x00000000eb200000,0x00000000ebd80000)
  to   space 12288K, 0% used [0x00000000f7000000,0x00000000f7000000,0x00000000f7c00000)
 ParOldGen       total 72192K, used 28432K [0x00000000a0000000, 0x00000000a4680000, 0x00000000e0000000)
  object space 72192K, 39% used [0x00000000a0000000,0x00000000a1bc4180,0x00000000a4680000)
 Metaspace       used 24176K, capacity 24495K, committed 24960K, reserved 1071104K
  class space    used 3033K, capacity 3114K, committed 3200K, reserved 1048576K
GC Heap History (10 events):
Event: 5.006 GC heap before
{Heap before GC invocations=7 (full 1):
 PSYoungGen      total 53248K, used 53238K [0x00000000e0000000, 0x00000000e6800000, 0x0000000100000000)
  eden space 49152K, 100% used [0x00000000e0000000,0x00000000e3000000,0x00000000e3000000)
  from space 4096K, 99% used [0x00000000e3000000,0x00000000e33fdaa0,0x00000000e3400000)
  to   space 4096K, 0% used [0x00000000e6400000,0x00000000e6400000,0x00000000e6800000)
 ParOldGen       total 65536K, used 17549K [0x00000000a0000000, 0x00000000a4000000, 0x00000000e0000000)
  object space 65536K, 26% used [0x00000000a0000000,0x00000000a1123740,0x00000000a4000000)
 Metaspace       used 13391K, capacity 13524K, committed 13696K, reserved 1060864K
  class space    used 1572K, capacity 1600K, committed 1664K, reserved 1048576K
Event: 5.081 GC heap after
Heap after GC invocations=7 (full 1):
 PSYoungGen      total 95744K, used 4064K [0x00000000e0000000, 0x00000000e7500000, 0x0000000100000000)
  eden space 91648K, 0% used [0x00000000e0000000,0x00000000e0000000,0x00000000e5980000)
  from space 4096K, 99% used [0x00000000e6400000,0x00000000e67f8128,0x00000000e6800000)
  to   space 10752K, 0% used [0x00000000e5980000,0x00000000e5980000,0x00000000e6400000)
 ParOldGen       total 65536K, used 19373K [0x00000000a0000000, 0x00000000a4000000, 0x00000000e0000000)
  object space 65536K, 29% used [0x00000000a0000000,0x00000000a12eb5d8,0x00000000a4000000)
 Metaspace       used 13391K, capacity 13524K, committed 13696K, reserved 1060864K
  class space    used 1572K, capacity 1600K, committed 1664K, reserved 1048576K
}
Event: 6.352 GC heap before
{Heap before GC invocations=8 (full 1):
 PSYoungGen      total 95744K, used 95712K [0x00000000e0000000, 0x00000000e7500000, 0x0000000100000000)
  eden space 91648K, 100% used [0x00000000e0000000,0x00000000e5980000,0x00000000e5980000)
  from space 4096K, 99% used [0x00000000e6400000,0x00000000e67f8128,0x00000000e6800000)
  to   space 10752K, 0% used [0x00000000e5980000,0x00000000e5980000,0x00000000e6400000)
 ParOldGen       total 65536K, used 19373K [0x00000000a0000000, 0x00000000a4000000, 0x00000000e0000000)
  object space 65536K, 29% used [0x00000000a0000000,0x00000000a12eb5d8,0x00000000a4000000)
 Metaspace       used 16489K, capacity 16672K, committed 16896K, reserved 1064960K
  class space    used 1942K, capacity 1986K, committed 2048K, reserved 1048576K
Event: 6.374 GC heap after
Heap after GC invocations=8 (full 1):
 PSYoungGen      total 102400K, used 7758K [0x00000000e0000000, 0x00000000ec800000, 0x0000000100000000)
  eden space 91648K, 0% used [0x00000000e0000000,0x00000000e0000000,0x00000000e5980000)
  from space 10752K, 72% used [0x00000000e5980000,0x00000000e6113858,0x00000000e6400000)
  to   space 10752K, 0% used [0x00000000ebd80000,0x00000000ebd80000,0x00000000ec800000)
 ParOldGen       total 65536K, used 29621K [0x00000000a0000000, 0x00000000a4000000, 0x00000000e0000000)
  object space 65536K, 45% used [0x00000000a0000000,0x00000000a1ced5e8,0x00000000a4000000)
 Metaspace       used 16489K, capacity 16672K, committed 16896K, reserved 1064960K
  class space    used 1942K, capacity 1986K, committed 2048K, reserved 1048576K
}
Event: 7.206 GC heap before
{Heap before GC invocations=9 (full 1):
 PSYoungGen      total 102400K, used 99406K [0x00000000e0000000, 0x00000000ec800000, 0x0000000100000000)
  eden space 91648K, 100% used [0x00000000e0000000,0x00000000e5980000,0x00000000e5980000)
  from space 10752K, 72% used [0x00000000e5980000,0x00000000e6113858,0x00000000e6400000)
  to   space 10752K, 0% used [0x00000000ebd80000,0x00000000ebd80000,0x00000000ec800000)
 ParOldGen       total 65536K, used 29621K [0x00000000a0000000, 0x00000000a4000000, 0x00000000e0000000)
  object space 65536K, 45% used [0x00000000a0000000,0x00000000a1ced5e8,0x00000000a4000000)
 Metaspace       used 18372K, capacity 18598K, committed 18816K, reserved 1064960K
  class space    used 2330K, capacity 2371K, committed 2432K, reserved 1048576K
Event: 7.229 GC heap after
Heap after GC invocations=9 (full 1):
 PSYoungGen      total 193024K, used 10024K [0x00000000e0000000, 0x00000000eca00000, 0x0000000100000000)
  eden space 182272K, 0% used [0x00000000e0000000,0x00000000e0000000,0x00000000eb200000)
  from space 10752K, 93% used [0x00000000ebd80000,0x00000000ec74a1b0,0x00000000ec800000)
  to   space 11776K, 0% used [0x00000000eb200000,0x00000000eb200000,0x00000000ebd80000)
 ParOldGen       total 65536K, used 29930K [0x00000000a0000000, 0x00000000a4000000, 0x00000000e0000000)
  object space 65536K, 45% used [0x00000000a0000000,0x00000000a1d3a8e0,0x00000000a4000000)
 Metaspace       used 18372K, capacity 18598K, committed 18816K, reserved 1064960K
  class space    used 2330K, capacity 2371K, committed 2432K, reserved 1048576K
}
Event: 8.053 GC heap before
{Heap before GC invocations=10 (full 1):
 PSYoungGen      total 193024K, used 85847K [0x00000000e0000000, 0x00000000eca00000, 0x0000000100000000)
  eden space 182272K, 41% used [0x00000000e0000000,0x00000000e4a0bce8,0x00000000eb200000)
  from space 10752K, 93% used [0x00000000ebd80000,0x00000000ec74a1b0,0x00000000ec800000)
  to   space 11776K, 0% used [0x00000000eb200000,0x00000000eb200000,0x00000000ebd80000)
 ParOldGen       total 65536K, used 29930K [0x00000000a0000000, 0x00000000a4000000, 0x00000000e0000000)
  object space 65536K, 45% used [0x00000000a0000000,0x00000000a1d3a8e0,0x00000000a4000000)
 Metaspace       used 20830K, capacity 21038K, committed 21248K, reserved 1067008K
  class space    used 2691K, capacity 2759K, committed 2816K, reserved 1048576K
Event: 8.153 GC heap after
Heap after GC invocations=10 (full 1):
 PSYoungGen      total 194048K, used 10133K [0x00000000e0000000, 0x00000000f7c00000, 0x0000000100000000)
  eden space 182272K, 0% used [0x00000000e0000000,0x00000000e0000000,0x00000000eb200000)
  from space 11776K, 86% used [0x00000000eb200000,0x00000000ebbe5568,0x00000000ebd80000)
  to   space 12288K, 0% used [0x00000000f7000000,0x00000000f7000000,0x00000000f7c00000)
 ParOldGen       total 65536K, used 32930K [0x00000000a0000000, 0x00000000a4000000, 0x00000000e0000000)
  object space 65536K, 50% used [0x00000000a0000000,0x00000000a2028a88,0x00000000a4000000)
 Metaspace       used 20830K, capacity 21038K, committed 21248K, reserved 1067008K
  class space    used 2691K, capacity 2759K, committed 2816K, reserved 1048576K
}
Event: 8.153 GC heap before
{Heap before GC invocations=11 (full 2):
 PSYoungGen      total 194048K, used 10133K [0x00000000e0000000, 0x00000000f7c00000, 0x0000000100000000)
  eden space 182272K, 0% used [0x00000000e0000000,0x00000000e0000000,0x00000000eb200000)
  from space 11776K, 86% used [0x00000000eb200000,0x00000000ebbe5568,0x00000000ebd80000)
  to   space 12288K, 0% used [0x00000000f7000000,0x00000000f7000000,0x00000000f7c00000)
 ParOldGen       total 65536K, used 32930K [0x00000000a0000000, 0x00000000a4000000, 0x00000000e0000000)
  object space 65536K, 50% used [0x00000000a0000000,0x00000000a2028a88,0x00000000a4000000)
 Metaspace       used 20830K, capacity 21038K, committed 21248K, reserved 1067008K
  class space    used 2691K, capacity 2759K, committed 2816K, reserved 1048576K
Event: 8.409 GC heap after
Heap after GC invocations=11 (full 2):
 PSYoungGen      total 194048K, used 0K [0x00000000e0000000, 0x00000000f7c00000, 0x0000000100000000)
  eden space 182272K, 0% used [0x00000000e0000000,0x00000000e0000000,0x00000000eb200000)
  from space 11776K, 0% used [0x00000000eb200000,0x00000000eb200000,0x00000000ebd80000)
  to   space 12288K, 0% used [0x00000000f7000000,0x00000000f7000000,0x00000000f7c00000)
 ParOldGen       total 72192K, used 28432K [0x00000000a0000000, 0x00000000a4680000, 0x00000000e0000000)
  object space 72192K, 39% used [0x00000000a0000000,0x00000000a1bc4180,0x00000000a4680000)
 Metaspace       used 20830K, capacity 21038K, committed 21248K, reserved 1067008K
  class space    used 2691K, capacity 2759K, committed 2816K, reserved 1048576K
}

