# JRE version: Java(TM) SE Runtime Environment (8.0_45-b15) (build 1.8.0_45-b15)
# Java VM: Java HotSpot(TM) 64-Bit Server VM (25.45-b02 mixed mode windows-amd64 compressed oops)
Heap:
 PSYoungGen      total 301568K, used 158774K [0x00000000e0000000, 0x00000000f5200000, 0x0000000100000000)
  eden space 270336K, 48% used [0x00000000e0000000,0x00000000e8061558,0x00000000f0800000)
  from space 31232K, 87% used [0x00000000f2a00000,0x00000000f44ac3e8,0x00000000f4880000)
  to   space 34816K, 0% used [0x00000000f0800000,0x00000000f0800000,0x00000000f2a00000)
 ParOldGen       total 140288K, used 73183K [0x00000000a0000000, 0x00000000a8900000, 0x00000000e0000000)
  object space 140288K, 52% used [0x00000000a0000000,0x00000000a4777c90,0x00000000a8900000)
 Metaspace       used 27332K, capacity 27597K, committed 27904K, reserved 1073152K
  class space    used 3400K, capacity 3505K, committed 3584K, reserved 1048576K
GC Heap History (10 events):
Event: 9.721 GC heap before
{Heap before GC invocations=13 (full 2):
 PSYoungGen      total 174592K, used 6174K [0x00000000e0000000, 0x00000000eed00000, 0x0000000100000000)
  eden space 156160K, 0% used [0x00000000e0000000,0x00000000e0000000,0x00000000e9880000)
  from space 18432K, 33% used [0x00000000e9880000,0x00000000e9e879f0,0x00000000eaa80000)
  to   space 17920K, 0% used [0x00000000edb80000,0x00000000edb80000,0x00000000eed00000)
 ParOldGen       total 65536K, used 35734K [0x00000000a0000000, 0x00000000a4000000, 0x00000000e0000000)
  object space 65536K, 54% used [0x00000000a0000000,0x00000000a22e59d0,0x00000000a4000000)
 Metaspace       used 20827K, capacity 21038K, committed 21248K, reserved 1067008K
  class space    used 2689K, capacity 2759K, committed 2816K, reserved 1048576K
Event: 9.968 GC heap after
Heap after GC invocations=13 (full 2):
 PSYoungGen      total 174592K, used 0K [0x00000000e0000000, 0x00000000eed00000, 0x0000000100000000)
  eden space 156160K, 0% used [0x00000000e0000000,0x00000000e0000000,0x00000000e9880000)
  from space 18432K, 0% used [0x00000000e9880000,0x00000000e9880000,0x00000000eaa80000)
  to   space 17920K, 0% used [0x00000000edb80000,0x00000000edb80000,0x00000000eed00000)
 ParOldGen       total 71680K, used 27467K [0x00000000a0000000, 0x00000000a4600000, 0x00000000e0000000)
  object space 71680K, 38% used [0x00000000a0000000,0x00000000a1ad2ea8,0x00000000a4600000)
 Metaspace       used 20827K, capacity 21038K, committed 21248K, reserved 1067008K
  class space    used 2689K, capacity 2759K, committed 2816K, reserved 1048576K
}
Event: 14.198 GC heap before
{Heap before GC invocations=14 (full 2):
 PSYoungGen      total 174592K, used 156160K [0x00000000e0000000, 0x00000000eed00000, 0x0000000100000000)
  eden space 156160K, 100% used [0x00000000e0000000,0x00000000e9880000,0x00000000e9880000)
  from space 18432K, 0% used [0x00000000e9880000,0x00000000e9880000,0x00000000eaa80000)
  to   space 17920K, 0% used [0x00000000edb80000,0x00000000edb80000,0x00000000eed00000)
 ParOldGen       total 71680K, used 27467K [0x00000000a0000000, 0x00000000a4600000, 0x00000000e0000000)
  object space 71680K, 38% used [0x00000000a0000000,0x00000000a1ad2ea8,0x00000000a4600000)
 Metaspace       used 24417K, capacity 24687K, committed 24960K, reserved 1071104K
  class space    used 3044K, capacity 3114K, committed 3200K, reserved 1048576K
Event: 14.213 GC heap after
Heap after GC invocations=14 (full 2):
 PSYoungGen      total 225280K, used 9007K [0x00000000e0000000, 0x00000000eef80000, 0x0000000100000000)
  eden space 207360K, 0% used [0x00000000e0000000,0x00000000e0000000,0x00000000eca80000)
  from space 17920K, 50% used [0x00000000edb80000,0x00000000ee44be78,0x00000000eed00000)
  to   space 17408K, 0% used [0x00000000eca80000,0x00000000eca80000,0x00000000edb80000)
 ParOldGen       total 71680K, used 27475K [0x00000000a0000000, 0x00000000a4600000, 0x00000000e0000000)
  object space 71680K, 38% used [0x00000000a0000000,0x00000000a1ad4ea8,0x00000000a4600000)
 Metaspace       used 24417K, capacity 24687K, committed 24960K, reserved 1071104K
  class space    used 3044K, capacity 3114K, committed 3200K, reserved 1048576K
}
Event: 18.688 GC heap before
{Heap before GC invocations=15 (full 2):
 PSYoungGen      total 225280K, used 216367K [0x00000000e0000000, 0x00000000eef80000, 0x0000000100000000)
  eden space 207360K, 100% used [0x00000000e0000000,0x00000000eca80000,0x00000000eca80000)
  from space 17920K, 50% used [0x00000000edb80000,0x00000000ee44be78,0x00000000eed00000)
  to   space 17408K, 0% used [0x00000000eca80000,0x00000000eca80000,0x00000000edb80000)
 ParOldGen       total 71680K, used 27475K [0x00000000a0000000, 0x00000000a4600000, 0x00000000e0000000)
  object space 71680K, 38% used [0x00000000a0000000,0x00000000a1ad4ea8,0x00000000a4600000)
 Metaspace       used 24524K, capacity 24815K, committed 25216K, reserved 1071104K
  class space    used 3046K, capacity 3114K, committed 3200K, reserved 1048576K
Event: 18.748 GC heap after
Heap after GC invocations=15 (full 2):
 PSYoungGen      total 224768K, used 17389K [0x00000000e0000000, 0x00000000f4880000, 0x0000000100000000)
  eden space 207360K, 0% used [0x00000000e0000000,0x00000000e0000000,0x00000000eca80000)
  from space 17408K, 99% used [0x00000000eca80000,0x00000000edb7b7f0,0x00000000edb80000)
  to   space 31232K, 0% used [0x00000000f2a00000,0x00000000f2a00000,0x00000000f4880000)
 ParOldGen       total 71680K, used 58985K [0x00000000a0000000, 0x00000000a4600000, 0x00000000e0000000)
  object space 71680K, 82% used [0x00000000a0000000,0x00000000a399a630,0x00000000a4600000)
 Metaspace       used 24524K, capacity 24815K, committed 25216K, reserved 1071104K
  class space    used 3046K, capacity 3114K, committed 3200K, reserved 1048576K
}
Event: 18.749 GC heap before
{Heap before GC invocations=16 (full 3):
 PSYoungGen      total 224768K, used 17389K [0x00000000e0000000, 0x00000000f4880000, 0x0000000100000000)
  eden space 207360K, 0% used [0x00000000e0000000,0x00000000e0000000,0x00000000eca80000)
  from space 17408K, 99% used [0x00000000eca80000,0x00000000edb7b7f0,0x00000000edb80000)
  to   space 31232K, 0% used [0x00000000f2a00000,0x00000000f2a00000,0x00000000f4880000)
 ParOldGen       total 71680K, used 58985K [0x00000000a0000000, 0x00000000a4600000, 0x00000000e0000000)
  object space 71680K, 82% used [0x00000000a0000000,0x00000000a399a630,0x00000000a4600000)
 Metaspace       used 24524K, capacity 24815K, committed 25216K, reserved 1071104K
  class space    used 3046K, capacity 3114K, committed 3200K, reserved 1048576K
Event: 18.955 GC heap after
Heap after GC invocations=16 (full 3):
 PSYoungGen      total 224768K, used 1429K [0x00000000e0000000, 0x00000000f4880000, 0x0000000100000000)
  eden space 207360K, 0% used [0x00000000e0000000,0x00000000e0000000,0x00000000eca80000)
  from space 17408K, 8% used [0x00000000eca80000,0x00000000ecbe54e8,0x00000000edb80000)
  to   space 31232K, 0% used [0x00000000f2a00000,0x00000000f2a00000,0x00000000f4880000)
 ParOldGen       total 140288K, used 71631K [0x00000000a0000000, 0x00000000a8900000, 0x00000000e0000000)
  object space 140288K, 51% used [0x00000000a0000000,0x00000000a45f3ce0,0x00000000a8900000)
 Metaspace       used 24524K, capacity 24815K, committed 25216K, reserved 1071104K
  class space    used 3046K, capacity 3114K, committed 3200K, reserved 1048576K
}
Event: 22.226 GC heap before
{Heap before GC invocations=17 (full 3):
 PSYoungGen      total 224768K, used 208789K [0x00000000e0000000, 0x00000000f4880000, 0x0000000100000000)
  eden space 207360K, 100% used [0x00000000e0000000,0x00000000eca80000,0x00000000eca80000)
  from space 17408K, 8% used [0x00000000eca80000,0x00000000ecbe54e8,0x00000000edb80000)
  to   space 31232K, 0% used [0x00000000f2a00000,0x00000000f2a00000,0x00000000f4880000)
 ParOldGen       total 140288K, used 71631K [0x00000000a0000000, 0x00000000a8900000, 0x00000000e0000000)
  object space 140288K, 51% used [0x00000000a0000000,0x00000000a45f3ce0,0x00000000a8900000)
 Metaspace       used 26253K, capacity 26543K, committed 27008K, reserved 1073152K
  class space    used 3284K, capacity 3370K, committed 3456K, reserved 1048576K
Event: 22.326 GC heap after
Heap after GC invocations=17 (full 3):
 PSYoungGen      total 301568K, used 27312K [0x00000000e0000000, 0x00000000f5200000, 0x0000000100000000)
  eden space 270336K, 0% used [0x00000000e0000000,0x00000000e0000000,0x00000000f0800000)
  from space 31232K, 87% used [0x00000000f2a00000,0x00000000f44ac3e8,0x00000000f4880000)
  to   space 34816K, 0% used [0x00000000f0800000,0x00000000f0800000,0x00000000f2a00000)
 ParOldGen       total 140288K, used 73183K [0x00000000a0000000, 0x00000000a8900000, 0x00000000e0000000)
  object space 140288K, 52% used [0x00000000a0000000,0x00000000a4777c90,0x00000000a8900000)
 Metaspace       used 26253K, capacity 26543K, committed 27008K, reserved 1073152K
  class space    used 3284K, capacity 3370K, committed 3456K, reserved 1048576K
}

